<?xml version="1.0" encoding="UTF-8" ?>
<testsuite tests="19" failures="0" name="tests.TestSuite" time="20.603" errors="0" skipped="4">
  <properties>
    <property name="java.runtime.name" value="Java(TM) SE Runtime Environment"/>
    <property name="sun.boot.library.path" value="C:\Program Files\Java\jdk1.8.0_241\jre\bin"/>
    <property name="java.vm.version" value="25.241-b07"/>
    <property name="user.country.format" value="SE"/>
    <property name="java.vm.vendor" value="Oracle Corporation"/>
    <property name="maven.multiModuleProjectDirectory" value="C:\Selenium_Qway"/>
    <property name="java.vendor.url" value="http://java.oracle.com/"/>
    <property name="path.separator" value=";"/>
    <property name="guice.disable.misplaced.annotation.check" value="true"/>
    <property name="java.vm.name" value="Java HotSpot(TM) 64-Bit Server VM"/>
    <property name="file.encoding.pkg" value="sun.io"/>
    <property name="user.script" value=""/>
    <property name="user.country" value="GB"/>
    <property name="sun.java.launcher" value="SUN_STANDARD"/>
    <property name="sun.os.patch.level" value=""/>
    <property name="java.vm.specification.name" value="Java Virtual Machine Specification"/>
    <property name="user.dir" value="C:\Selenium_Qway"/>
    <property name="java.runtime.version" value="1.8.0_241-b07"/>
    <property name="java.awt.graphicsenv" value="sun.awt.Win32GraphicsEnvironment"/>
    <property name="viewmode" value="webb"/>
    <property name="java.endorsed.dirs" value="C:\Program Files\Java\jdk1.8.0_241\jre\lib\endorsed"/>
    <property name="os.arch" value="amd64"/>
    <property name="java.io.tmpdir" value="C:\Users\Yulia\AppData\Local\Temp\"/>
    <property name="line.separator" value="
"/>
    <property name="java.vm.specification.vendor" value="Oracle Corporation"/>
    <property name="user.variant" value=""/>
    <property name="os.name" value="Windows 10"/>
    <property name="classworlds.conf" value="C:\Users\Yulia\apache-maven-3.8.2\bin\m2.conf"/>
    <property name="sun.jnu.encoding" value="Cp1252"/>
    <property name="java.library.path" value="C:\Program Files\Java\jdk1.8.0_241\bin;C:\WINDOWS\Sun\Java\bin;C:\WINDOWS\system32;C:\WINDOWS;C:\Program Files\nodejs;C:\Program Files\Java\jdk1.8.0_241\bin;C:\Program Files\CMake\bin;C:\eclipse;C:\Users\Yulia\apache-maven-3.8.2\bin;C:\ProgramData\Oracle\Java\javapath;C:\WINDOWS\System32;C:\WINDOWS;C:\Program Files (x86)\Common Files\Oracle\Java\javapath;C:\Program Files\Android\Android Studio\bin;C:\Users\Yulia\AppData\Local\Android\Sdk\platform-tools;C:\Users\Yulia\AppData\Local\Android\Sdk\tools;C:\Users\Yulia\AppData\Local\Android\Sdk\tools\bin;C:\Users\Yulia\AppData\Local\Android\Sdk\emulator;C:\Program Files\nodejs\node_modules\npm\bin;C:\Program Files\nodejs\node_modules\npm\scripts;C:\ProgramData\chocolatey\bin;C:\ffmpeg\bin;C:\gstreamer\1.0\mingw_x86_64\bin;C:\Windows\System32\WindowsPowerShell\v1.0;C:\Users\Yulia\scoop\apps\allure\2.15.0\bin;C:\Program Files\Git\bin;C:\Users\Yulia\scoop\shims;C:\Program Files\MySQL\MySQL Shell 8.0\bin\;C:\Users\Yulia\AppData\Local\Microsoft\WindowsApps;C:\Users\Yulia\AppData\Local\Mozilla Firefox;C:\Program Files\PostgreSQL\13\bin;C:\Users\Yulia\AppData\Local\Programs\Microsoft VS Code\bin;C:\Users\Yulia\AppData\Roaming\npm;C:\Program Files\JetBrains\IntelliJ IDEA 2021.2.1\bin;;C:\eclipse;C:\WINDOWS\system32;;."/>
    <property name="maven.conf" value="C:\Users\Yulia\apache-maven-3.8.2/conf"/>
    <property name="java.specification.name" value="Java Platform API Specification"/>
    <property name="java.class.version" value="52.0"/>
    <property name="sun.management.compiler" value="HotSpot 64-Bit Tiered Compilers"/>
    <property name="os.version" value="10.0"/>
    <property name="user.home" value="C:\Users\Yulia"/>
    <property name="user.timezone" value="Europe/Berlin"/>
    <property name="java.awt.printerjob" value="sun.awt.windows.WPrinterJob"/>
    <property name="java.specification.version" value="1.8"/>
    <property name="file.encoding" value="Cp1252"/>
    <property name="user.name" value="Yulia"/>
    <property name="java.class.path" value="C:\Users\Yulia\apache-maven-3.8.2\boot\plexus-classworlds-2.6.0.jar"/>
    <property name="java.vm.specification.version" value="1.8"/>
    <property name="sun.arch.data.model" value="64"/>
    <property name="java.home" value="C:\Program Files\Java\jdk1.8.0_241\jre"/>
    <property name="sun.java.command" value="org.codehaus.plexus.classworlds.launcher.Launcher test -PSelenium-assignment-test -Dviewmode=webb"/>
    <property name="java.specification.vendor" value="Oracle Corporation"/>
    <property name="user.language" value="en"/>
    <property name="awt.toolkit" value="sun.awt.windows.WToolkit"/>
    <property name="java.vm.info" value="mixed mode"/>
    <property name="java.version" value="1.8.0_241"/>
    <property name="java.ext.dirs" value="C:\Program Files\Java\jdk1.8.0_241\jre\lib\ext;C:\WINDOWS\Sun\Java\lib\ext"/>
    <property name="sun.boot.class.path" value="C:\Program Files\Java\jdk1.8.0_241\jre\lib\resources.jar;C:\Program Files\Java\jdk1.8.0_241\jre\lib\rt.jar;C:\Program Files\Java\jdk1.8.0_241\jre\lib\sunrsasign.jar;C:\Program Files\Java\jdk1.8.0_241\jre\lib\jsse.jar;C:\Program Files\Java\jdk1.8.0_241\jre\lib\jce.jar;C:\Program Files\Java\jdk1.8.0_241\jre\lib\charsets.jar;C:\Program Files\Java\jdk1.8.0_241\jre\lib\jfr.jar;C:\Program Files\Java\jdk1.8.0_241\jre\classes"/>
    <property name="sun.stderr.encoding" value="cp850"/>
    <property name="java.vendor" value="Oracle Corporation"/>
    <property name="maven.home" value="C:\Users\Yulia\apache-maven-3.8.2"/>
    <property name="file.separator" value="\"/>
    <property name="java.vendor.url.bug" value="http://bugreport.sun.com/bugreport/"/>
    <property name="sun.cpu.endian" value="little"/>
    <property name="sun.io.unicode.encoding" value="UnicodeLittle"/>
    <property name="sun.stdout.encoding" value="cp850"/>
    <property name="sun.desktop" value="windows"/>
    <property name="sun.cpu.isalist" value="amd64"/>
  </properties>
  <testcase classname="HurMycketFarJagLanaWebbPageTest" name="1. WebPage url is right" time="2.253"/>
  <testcase classname="HurMycketFarJagLanaWebbPageTest" name="2. Logo and header elements are visible" time="0.214"/>
  <testcase classname="HurMycketFarJagLanaWebbPageTest" name="3. Header elements are enable" time="0.049"/>
  <testcase classname="HurMycketFarJagLanaWebbPageTest" name="4. Top menu elements are visible" time="0.391"/>
  <testcase classname="HurMycketFarJagLanaWebbPageTest" name="5. Top menu elements are enable" time="0.093"/>
  <testcase classname="HurMycketFarJagLanaWebbPageTest" name="6. Try to hover over the element. Think how to test this." time="0.093">
    <skipped/>
  </testcase>
  <testcase classname="HurMycketFarJagLanaWebbPageTest" name="7. Basic heading elements are visible" time="0"/>
  <testcase classname="HurMycketFarJagLanaWebbPageTest" name="8. BreadCrumb menu elements are visible" time="0.266"/>
  <testcase classname="HurMycketFarJagLanaWebbPageTest" name="9. BreadCrumb menu elements are enable" time="0.266">
    <skipped/>
  </testcase>
  <testcase classname="HurMycketFarJagLanaWebbPageTest" name="10. Loan amount indication text elements are visible" time="0.27">
    <skipped/>
  </testcase>
  <testcase classname="HurMycketFarJagLanaWebbPageTest" name="11. MÃ¥nadsinkomst element is visible and has a default value" time="0.094"/>
  <testcase classname="HurMycketFarJagLanaWebbPageTest" name="12. Total skuld element is visible and has a default value" time="0.093"/>
  <testcase classname="HurMycketFarJagLanaWebbPageTest" name="13. Antal barn element is visible and has a default value" time="0.094"/>
  <testcase classname="HurMycketFarJagLanaWebbPageTest" name="Inspect Ja button" time="0.094">
    <skipped/>
  </testcase>
  <testcase classname="HurMycketFarJagLanaWebbPageTest" name="14. Inspect Nej button" time="0.125"/>
  <testcase classname="HurMycketFarJagLanaWebbPageTest" name="15. Inspect drop down menu" time="5.14"/>
  <testcase classname="HurMycketFarJagLanaWebbPageTest" name="17. Drop down menu error message" time="4.044"/>
  <testcase classname="HurMycketFarJagLanaWebbPageTest" name="18. Calculate loan and verify url according to loan" time="7.024"/>
  <testcase classname="JUnit Vintage" name="JUnit Vintage" time="0"/>
</testsuite>